[2020-08-11T14:33:45.874] [DEBUG] cheese - login => username:aaa,password:123
[2020-08-11T14:33:45.876] [DEBUG] cheese - aaa
[2020-08-11T14:33:45.887] [DEBUG] cheese - null
[2020-08-11T14:33:45.887] [DEBUG] cheese - null
[2020-08-11T14:33:52.647] [DEBUG] cheese - login => username:admin,password:123
[2020-08-11T14:33:52.647] [DEBUG] cheese - admin
[2020-08-11T14:33:52.653] [DEBUG] cheese - null
[2020-08-11T14:33:52.654] [DEBUG] cheese - null
[2020-08-11T14:34:29.292] [DEBUG] cheese - login => username:admin,password:123456
[2020-08-11T14:34:29.292] [DEBUG] cheese - admin
[2020-08-11T14:34:29.295] [DEBUG] cheese - null
[2020-08-11T14:34:29.296] [DEBUG] cheese - null
[2020-08-13T23:22:59.544] [DEBUG] cheese - login => username:asdf,password:sdfsdf
[2020-08-13T23:22:59.547] [DEBUG] cheese - asdf
[2020-08-13T23:22:59.561] [DEBUG] cheese - null
[2020-08-13T23:22:59.562] [DEBUG] cheese - null
[2020-08-13T23:32:00.746] [DEBUG] cheese - login => username:sadf,password:sdfsdfdsf
[2020-08-13T23:32:00.746] [DEBUG] cheese - sadf
[2020-08-13T23:32:00.748] [DEBUG] cheese - null
[2020-08-13T23:32:00.748] [DEBUG] cheese - null
[2020-08-13T23:53:11.264] [DEBUG] cheese - login => username:sadf,password:sdfsadfsdf
[2020-08-13T23:53:11.265] [DEBUG] cheese - sadf
[2020-08-13T23:53:11.268] [DEBUG] cheese - null
[2020-08-13T23:53:11.269] [DEBUG] cheese - null
[2020-08-13T23:53:16.662] [DEBUG] cheese - login => username:admin,password:123456
[2020-08-13T23:53:16.662] [DEBUG] cheese - admin
[2020-08-13T23:53:16.667] [DEBUG] cheese - null
[2020-08-13T23:53:16.668] [DEBUG] cheese - null
[2020-08-13T23:59:10.210] [DEBUG] cheese - login => username:sdaf,password:sdfsdfds
[2020-08-13T23:59:10.210] [DEBUG] cheese - sdaf
[2020-08-13T23:59:10.211] [DEBUG] cheese - null
[2020-08-13T23:59:10.211] [DEBUG] cheese - null
[2020-08-13T23:59:16.881] [DEBUG] cheese - login => username:admin,password:123456
[2020-08-13T23:59:16.881] [DEBUG] cheese - admin
[2020-08-13T23:59:16.883] [DEBUG] cheese - null
[2020-08-13T23:59:16.883] [DEBUG] cheese - null
[2020-08-14T00:08:18.799] [DEBUG] cheese - login => username:admin,password:123456
[2020-08-14T00:08:18.800] [DEBUG] cheese - admin
[2020-08-14T00:08:18.801] [DEBUG] cheese - null
[2020-08-14T00:08:18.802] [DEBUG] cheese - null
[2020-08-14T00:09:23.579] [DEBUG] cheese - login => username:admin,password:123456
[2020-08-14T00:09:23.579] [DEBUG] cheese - admin
[2020-08-14T00:09:23.581] [DEBUG] cheese - null
[2020-08-14T00:09:23.581] [DEBUG] cheese - null
[2020-08-14T00:45:31.502] [DEBUG] cheese - login => username:admin,password:123456
[2020-08-14T00:45:31.503] [DEBUG] cheese - admin
[2020-08-14T00:45:31.504] [DEBUG] cheese - null
[2020-08-14T00:45:31.504] [DEBUG] cheese - null
[2020-08-14T01:00:35.958] [DEBUG] cheese - login => username:admin,password:123456
[2020-08-14T01:00:35.959] [DEBUG] cheese - admin
[2020-08-14T01:00:35.964] [DEBUG] cheese - null
[2020-08-14T01:00:35.964] [DEBUG] cheese - null
[2020-08-14T13:50:32.806] [DEBUG] cheese - login => username:admin,password:123456
[2020-08-14T13:50:32.807] [DEBUG] cheese - admin
[2020-08-14T13:50:32.815] [DEBUG] cheese - null
[2020-08-14T13:50:32.816] [DEBUG] cheese - null
[2020-08-14T14:28:52.985] [DEBUG] cheese - login => username:admin,password:123456
[2020-08-14T14:28:52.985] [DEBUG] cheese - admin
[2020-08-14T14:28:52.987] [DEBUG] cheese - null
[2020-08-14T14:28:52.987] [DEBUG] cheese - null
[2020-08-14T14:29:01.379] [DEBUG] cheese - login => username:admin,password:123456
[2020-08-14T14:29:01.380] [DEBUG] cheese - admin
[2020-08-14T14:29:01.381] [DEBUG] cheese - null
[2020-08-14T14:29:01.381] [DEBUG] cheese - null
[2020-08-15T00:49:57.334] [DEBUG] cheese - login => username:admin,password:123456
[2020-08-15T00:49:57.336] [DEBUG] cheese - admin
[2020-08-15T00:49:57.349] [DEBUG] cheese - null
[2020-08-15T00:49:57.349] [DEBUG] cheese - null
[2020-08-15T00:50:22.233] [DEBUG] cheese - login => username:admin,password:123456
[2020-08-15T00:50:22.233] [DEBUG] cheese - admin
[2020-08-15T00:50:22.237] [DEBUG] cheese - null
[2020-08-15T00:50:22.237] [DEBUG] cheese - null
[2020-08-15T00:57:19.936] [DEBUG] cheese - login => username:admin,password:123456
[2020-08-15T00:57:19.936] [DEBUG] cheese - admin
[2020-08-15T00:57:19.939] [DEBUG] cheese - null
[2020-08-15T00:57:19.939] [DEBUG] cheese - null
[2020-08-17T10:41:09.857] [DEBUG] cheese - login => username:admin,password:123456
[2020-08-17T10:41:09.859] [DEBUG] cheese - admin
[2020-08-17T10:41:09.896] [DEBUG] cheese - null
[2020-08-17T10:41:09.896] [DEBUG] cheese - null
[2020-08-17T15:12:35.735] [DEBUG] cheese - login => username:admin,password:123456
[2020-08-17T15:12:35.735] [DEBUG] cheese - admin
[2020-08-17T15:12:35.739] [DEBUG] cheese - null
[2020-08-17T15:12:35.739] [DEBUG] cheese - null
[2020-08-17T15:13:47.223] [DEBUG] cheese - login => username:admin,password:123456
[2020-08-17T15:13:47.223] [DEBUG] cheese - admin
[2020-08-17T15:13:47.226] [DEBUG] cheese - null
[2020-08-17T15:13:47.226] [DEBUG] cheese - null
[2020-08-17T16:35:44.530] [DEBUG] cheese - login => username:admin,password:123456
[2020-08-17T16:35:44.530] [DEBUG] cheese - admin
[2020-08-17T16:35:44.535] [DEBUG] cheese - null
[2020-08-17T16:35:44.535] [DEBUG] cheese - null
[2020-08-17T16:38:28.858] [DEBUG] cheese - login => username:admin,password:123456
[2020-08-17T16:38:28.858] [DEBUG] cheese - admin
[2020-08-17T16:38:28.859] [DEBUG] cheese - null
[2020-08-17T16:38:28.860] [DEBUG] cheese - null
[2020-08-18T16:43:56.685] [DEBUG] cheese - login => username:admin,password:123456
[2020-08-18T16:43:56.687] [DEBUG] cheese - admin
[2020-08-18T16:43:56.696] [DEBUG] cheese - null
[2020-08-18T16:43:56.697] [DEBUG] cheese - null
[2020-08-19T21:58:40.539] [DEBUG] cheese - login => username:admin,password:123456
[2020-08-19T21:58:40.545] [DEBUG] cheese - admin
[2020-08-19T21:58:40.557] [DEBUG] cheese - null
[2020-08-19T21:58:40.558] [DEBUG] cheese - null
[2020-08-19T22:51:36.895] [DEBUG] cheese - login => username:admin,password:123456
[2020-08-19T22:51:36.895] [DEBUG] cheese - admin
[2020-08-19T22:51:36.899] [DEBUG] cheese - null
[2020-08-19T22:51:36.899] [DEBUG] cheese - null
[2020-08-19T23:25:38.487] [DEBUG] cheese - login => username:admin,password:123456
[2020-08-19T23:25:38.488] [DEBUG] cheese - admin
[2020-08-19T23:25:38.490] [DEBUG] cheese - null
[2020-08-19T23:25:38.490] [DEBUG] cheese - null
[2020-08-20T14:23:23.456] [DEBUG] cheese - login => username:admin,password:123456
[2020-08-20T14:23:23.457] [DEBUG] cheese - admin
[2020-08-20T14:23:23.460] [DEBUG] cheese - null
[2020-08-20T14:23:23.460] [DEBUG] cheese - null
[2020-08-20T16:27:58.974] [DEBUG] cheese - login => username:admin,password:123456
[2020-08-20T16:27:58.974] [DEBUG] cheese - admin
[2020-08-20T16:27:58.980] [DEBUG] cheese - null
[2020-08-20T16:27:58.980] [DEBUG] cheese - null
[2020-08-20T16:28:08.236] [DEBUG] cheese - login => username:admin,password:123456
[2020-08-20T16:28:08.236] [DEBUG] cheese - admin
[2020-08-20T16:28:08.240] [DEBUG] cheese - null
[2020-08-20T16:28:08.241] [DEBUG] cheese - null
[2020-08-20T16:42:21.758] [DEBUG] cheese - login => username:admin,password:123456
[2020-08-20T16:42:21.759] [DEBUG] cheese - admin
[2020-08-20T16:42:21.765] [DEBUG] cheese - null
[2020-08-20T16:42:21.765] [DEBUG] cheese - null
[2020-08-20T16:47:38.424] [DEBUG] cheese - login => username:admin,password:123456
[2020-08-20T16:47:38.425] [DEBUG] cheese - admin
[2020-08-20T16:47:38.432] [DEBUG] cheese - null
[2020-08-20T16:47:38.432] [DEBUG] cheese - null
[2020-08-20T16:47:43.333] [DEBUG] cheese - login => username:admin,password:123456
[2020-08-20T16:47:43.333] [DEBUG] cheese - admin
[2020-08-20T16:47:43.334] [DEBUG] cheese - null
[2020-08-20T16:47:43.334] [DEBUG] cheese - null
[2020-08-20T16:48:00.415] [DEBUG] cheese - login => username:admin,password:123456
[2020-08-20T16:48:00.415] [DEBUG] cheese - admin
[2020-08-20T16:48:00.417] [DEBUG] cheese - null
[2020-08-20T16:48:00.417] [DEBUG] cheese - null
[2020-08-20T16:49:43.617] [DEBUG] cheese - login => username:admin,password:123456
[2020-08-20T16:49:43.617] [DEBUG] cheese - admin
[2020-08-20T16:49:43.620] [DEBUG] cheese - null
[2020-08-20T16:49:43.620] [DEBUG] cheese - null
[2020-08-20T22:36:44.766] [DEBUG] cheese - login => username:admin,password:123456
[2020-08-20T22:36:44.767] [DEBUG] cheese - admin
[2020-08-20T22:36:44.780] [DEBUG] cheese - null
[2020-08-20T22:36:44.780] [DEBUG] cheese - null
[2020-08-20T22:36:52.691] [DEBUG] cheese - login => username:admin,password:123456
[2020-08-20T22:36:52.691] [DEBUG] cheese - admin
[2020-08-20T22:36:52.693] [DEBUG] cheese - null
[2020-08-20T22:36:52.694] [DEBUG] cheese - null
[2020-08-20T23:31:48.542] [DEBUG] cheese - login => username:admin,password:123456
[2020-08-20T23:31:48.543] [DEBUG] cheese - admin
[2020-08-20T23:31:48.555] [DEBUG] cheese - null
[2020-08-20T23:31:48.555] [DEBUG] cheese - null
[2020-08-20T23:40:17.448] [DEBUG] cheese - login => username:admin,password:123456
[2020-08-20T23:40:17.449] [DEBUG] cheese - admin
[2020-08-20T23:40:17.452] [DEBUG] cheese - null
[2020-08-20T23:40:17.453] [DEBUG] cheese - null
[2020-08-21T00:08:56.464] [DEBUG] cheese - login => username:admin,password:123456
[2020-08-21T00:08:56.468] [DEBUG] cheese - admin
[2020-08-21T00:08:56.475] [DEBUG] cheese - null
[2020-08-21T00:08:56.476] [DEBUG] cheese - null
[2020-08-21T00:35:44.197] [DEBUG] cheese - login => username:admin,password:123456
[2020-08-21T00:35:44.198] [DEBUG] cheese - admin
[2020-08-21T00:35:44.204] [DEBUG] cheese - null
[2020-08-21T00:35:44.204] [DEBUG] cheese - null
[2020-08-21T00:40:15.657] [DEBUG] cheese - login => username:admin,password:123456
[2020-08-21T00:40:15.658] [DEBUG] cheese - admin
[2020-08-21T00:40:15.660] [DEBUG] cheese - null
[2020-08-21T00:40:15.660] [DEBUG] cheese - null
[2020-08-21T00:43:01.346] [DEBUG] cheese - login => username:admin,password:123456
[2020-08-21T00:43:01.346] [DEBUG] cheese - admin
[2020-08-21T00:43:01.348] [DEBUG] cheese - null
[2020-08-21T00:43:01.348] [DEBUG] cheese - null
[2020-08-21T00:44:37.980] [DEBUG] cheese - login => username:admin,password:123456
[2020-08-21T00:44:37.981] [DEBUG] cheese - admin
[2020-08-21T00:44:37.986] [DEBUG] cheese - null
[2020-08-21T00:44:37.986] [DEBUG] cheese - null
[2020-08-21T10:40:29.622] [DEBUG] cheese - login => username:admin,password:123456
[2020-08-21T10:40:29.623] [DEBUG] cheese - admin
[2020-08-21T10:40:29.668] [DEBUG] cheese - null
[2020-08-21T10:40:29.668] [DEBUG] cheese - null
[2020-08-21T10:42:17.245] [DEBUG] cheese - login => username:admin,password:123456
[2020-08-21T10:42:17.245] [DEBUG] cheese - admin
[2020-08-21T10:42:17.248] [DEBUG] cheese - null
[2020-08-21T10:42:17.248] [DEBUG] cheese - null
[2020-08-21T10:52:39.554] [DEBUG] cheese - login => username:admin,password:123456
[2020-08-21T10:52:39.555] [DEBUG] cheese - admin
[2020-08-21T10:52:39.562] [DEBUG] cheese - null
[2020-08-21T10:52:39.562] [DEBUG] cheese - null
[2020-08-21T14:49:03.130] [DEBUG] cheese - login => username:admin,password:123456
[2020-08-21T14:49:03.130] [DEBUG] cheese - admin
[2020-08-21T14:49:03.135] [DEBUG] cheese - null
[2020-08-21T14:49:03.135] [DEBUG] cheese - null
[2020-08-21T14:54:19.873] [DEBUG] cheese - login => username:admin,password:123456
[2020-08-21T14:54:19.875] [DEBUG] cheese - admin
[2020-08-21T14:54:19.880] [DEBUG] cheese - null
[2020-08-21T14:54:19.880] [DEBUG] cheese - null
[2020-08-21T16:47:48.301] [DEBUG] cheese - login => username:admin,password:123456
[2020-08-21T16:47:48.302] [DEBUG] cheese - admin
[2020-08-21T16:47:48.305] [DEBUG] cheese - null
[2020-08-21T16:47:48.305] [DEBUG] cheese - null
[2020-08-22T09:49:45.541] [DEBUG] cheese - null
[2020-08-22T09:55:43.532] [DEBUG] cheese - null
[2020-08-22T09:56:02.226] [DEBUG] cheese - null
[2020-08-22T09:56:55.031] [DEBUG] cheese - null
[2020-08-22T09:57:02.461] [DEBUG] cheese - null
[2020-08-22T09:57:35.934] [DEBUG] cheese - null
[2020-08-22T22:26:35.877] [DEBUG] cheese - login => username:admin,password:123456
[2020-08-22T22:26:35.878] [DEBUG] cheese - admin
[2020-08-22T22:26:35.903] [DEBUG] cheese - null
[2020-08-22T22:26:35.903] [DEBUG] cheese - null
[2020-08-22T22:26:51.854] [DEBUG] cheese - null
[2020-08-22T22:29:16.776] [DEBUG] cheese - null
[2020-08-22T22:40:39.473] [DEBUG] cheese - login => username:admin,password:123456
[2020-08-22T22:40:39.473] [DEBUG] cheese - admin
[2020-08-22T22:40:39.475] [DEBUG] cheese - null
[2020-08-22T22:40:39.475] [DEBUG] cheese - null
[2020-08-22T22:40:51.555] [DEBUG] cheese - null
[2020-08-22T22:46:35.328] [DEBUG] cheese - null
[2020-08-22T22:48:00.245] [DEBUG] cheese - null
[2020-08-22T22:53:53.292] [DEBUG] cheese - null
[2020-08-22T22:53:57.962] [DEBUG] cheese - null
[2020-08-22T22:54:17.053] [DEBUG] cheese - login => username:admin,password:123456
[2020-08-22T22:54:17.053] [DEBUG] cheese - admin
[2020-08-22T22:54:17.055] [DEBUG] cheese - null
[2020-08-22T22:54:17.055] [DEBUG] cheese - null
[2020-08-22T22:56:43.079] [DEBUG] cheese - null
[2020-08-22T22:57:00.976] [DEBUG] cheese - null
[2020-08-24T10:30:29.239] [DEBUG] cheese - login => username:admin,password:123456
[2020-08-24T10:30:29.244] [DEBUG] cheese - admin
[2020-08-24T10:30:29.251] [DEBUG] cheese - null
[2020-08-24T10:30:29.251] [DEBUG] cheese - null
[2020-08-24T17:26:08.787] [DEBUG] cheese - login => username:admin,password:123456
[2020-08-24T17:26:08.788] [DEBUG] cheese - admin
[2020-08-24T17:26:08.797] [DEBUG] cheese - null
[2020-08-24T17:26:08.798] [DEBUG] cheese - null
[2020-08-25T10:53:15.334] [DEBUG] cheese - login => username:admin,password:123456
[2020-08-25T10:53:15.335] [DEBUG] cheese - admin
[2020-08-25T10:53:15.337] [DEBUG] cheese - null
[2020-08-25T10:53:15.337] [DEBUG] cheese - null
[2020-08-26T08:49:48.669] [DEBUG] cheese - login => username:admin,password:123456
[2020-08-26T08:49:48.672] [DEBUG] cheese - admin
[2020-08-26T08:49:48.679] [DEBUG] cheese - null
[2020-08-26T08:49:48.680] [DEBUG] cheese - null
[2020-08-26T15:12:30.577] [DEBUG] cheese - login => username:admin,password:123456
[2020-08-26T15:12:30.579] [DEBUG] cheese - admin
[2020-08-26T15:12:30.581] [DEBUG] cheese - null
[2020-08-26T15:12:30.582] [DEBUG] cheese - null
[2020-08-26T16:26:26.683] [DEBUG] cheese - login => username:admin,password:123456
[2020-08-26T16:26:26.684] [DEBUG] cheese - admin
[2020-08-26T16:26:26.694] [DEBUG] cheese - null
[2020-08-26T16:26:26.695] [DEBUG] cheese - null
[2020-08-27T09:27:29.569] [DEBUG] cheese - login => username:admin,password:123456
[2020-08-27T09:27:29.572] [DEBUG] cheese - admin
[2020-08-27T09:27:29.582] [DEBUG] cheese - null
[2020-08-27T09:27:29.583] [DEBUG] cheese - null
[2020-08-27T14:11:45.482] [DEBUG] cheese - null
[2020-08-27T16:40:26.916] [DEBUG] cheese - null
[2020-08-27T16:43:40.837] [DEBUG] cheese - null
[2020-08-27T17:07:08.793] [DEBUG] cheese - login => username:admin,password:123456
[2020-08-27T17:07:08.794] [DEBUG] cheese - admin
[2020-08-27T17:07:08.804] [DEBUG] cheese - null
[2020-08-27T17:07:08.804] [DEBUG] cheese - null
[2020-08-28T08:25:07.001] [DEBUG] cheese - login => username:admin,password:123456
[2020-08-28T08:25:07.005] [DEBUG] cheese - admin
[2020-08-28T08:25:07.015] [DEBUG] cheese - null
[2020-08-28T08:25:07.015] [DEBUG] cheese - null
[2020-08-28T08:30:31.170] [DEBUG] cheese - login => username:admin,password:123456
[2020-08-28T08:30:31.170] [DEBUG] cheese - admin
[2020-08-28T08:30:31.181] [DEBUG] cheese - null
[2020-08-28T08:30:31.182] [DEBUG] cheese - null
[2020-08-28T08:32:00.199] [DEBUG] cheese - login => username:admin,password:123456
[2020-08-28T08:32:00.202] [DEBUG] cheese - admin
[2020-08-28T08:32:00.204] [DEBUG] cheese - null
[2020-08-28T08:32:00.205] [DEBUG] cheese - null
[2020-08-28T14:57:30.759] [DEBUG] cheese - login => username:aaa,password:123456
[2020-08-28T14:57:30.759] [DEBUG] cheese - aaa
[2020-08-28T14:57:30.761] [DEBUG] cheese - null
[2020-08-28T14:57:30.761] [DEBUG] cheese - null
[2020-08-28T14:57:39.063] [DEBUG] cheese - login => username:aaa,password:123456
[2020-08-28T14:57:39.063] [DEBUG] cheese - aaa
[2020-08-28T14:57:39.065] [DEBUG] cheese - null
[2020-08-28T14:57:39.065] [DEBUG] cheese - null
[2020-08-28T14:57:46.323] [DEBUG] cheese - login => username:admin,password:123456
[2020-08-28T14:57:46.323] [DEBUG] cheese - admin
[2020-08-28T14:57:46.324] [DEBUG] cheese - null
[2020-08-28T14:57:46.325] [DEBUG] cheese - null
[2020-08-28T14:58:03.075] [DEBUG] cheese - login => username:aaa,password:123456
[2020-08-28T14:58:03.075] [DEBUG] cheese - aaa
[2020-08-28T14:58:03.076] [DEBUG] cheese - null
[2020-08-28T14:58:03.076] [DEBUG] cheese - null
[2020-08-28T14:58:11.114] [DEBUG] cheese - login => username:aaa,password:123456
[2020-08-28T14:58:11.114] [DEBUG] cheese - aaa
[2020-08-28T14:58:11.116] [DEBUG] cheese - null
[2020-08-28T14:58:11.116] [DEBUG] cheese - null
[2020-08-28T14:58:29.391] [DEBUG] cheese - login => username:admin,password:123456
[2020-08-28T14:58:29.391] [DEBUG] cheese - admin
[2020-08-28T14:58:29.394] [DEBUG] cheese - null
[2020-08-28T14:58:29.394] [DEBUG] cheese - null
[2020-08-28T15:04:13.079] [DEBUG] cheese - login => username:admin,password:123456
[2020-08-28T15:04:13.081] [DEBUG] cheese - admin
[2020-08-28T15:04:13.083] [DEBUG] cheese - null
[2020-08-28T15:04:13.083] [DEBUG] cheese - null
[2020-08-29T15:05:11.138] [DEBUG] cheese - login => username:admin,password:123456
[2020-08-29T15:05:11.145] [DEBUG] cheese - admin
[2020-08-29T15:05:11.192] [DEBUG] cheese - null
[2020-08-29T15:05:11.194] [DEBUG] cheese - null
[2020-08-29T15:07:04.303] [DEBUG] cheese - null
[2020-08-29T15:07:08.152] [DEBUG] cheese - null
[2020-08-31T17:27:19.008] [DEBUG] cheese - login => username:admin,password:123456
[2020-08-31T17:27:19.014] [DEBUG] cheese - admin
[2020-08-31T17:27:19.070] [DEBUG] cheese - null
[2020-08-31T17:27:19.071] [DEBUG] cheese - null
[2020-08-31T18:41:12.371] [DEBUG] cheese - login => username:admin,password:123456
[2020-08-31T18:41:12.372] [DEBUG] cheese - admin
[2020-08-31T18:41:12.380] [DEBUG] cheese - null
[2020-08-31T18:41:12.380] [DEBUG] cheese - null
[2020-08-31T23:46:05.656] [DEBUG] cheese - login => username:admin,password:123456
[2020-08-31T23:46:05.658] [DEBUG] cheese - admin
[2020-08-31T23:46:05.666] [DEBUG] cheese - null
[2020-08-31T23:46:05.666] [DEBUG] cheese - null
[2020-09-01T00:01:26.235] [DEBUG] cheese - null
[2020-09-01T00:01:42.928] [DEBUG] cheese - null
[2020-09-02T12:37:04.838] [DEBUG] cheese - login => username:admin,password:admin
[2020-09-02T12:37:04.840] [DEBUG] cheese - admin
[2020-09-02T12:37:04.861] [DEBUG] cheese - null
[2020-09-02T12:37:04.861] [DEBUG] cheese - null
[2020-09-02T12:37:16.456] [DEBUG] cheese - login => username:admin,password:admin
[2020-09-02T12:37:16.456] [DEBUG] cheese - admin
[2020-09-02T12:37:16.459] [DEBUG] cheese - null
[2020-09-02T12:37:16.459] [DEBUG] cheese - null
[2020-09-02T12:37:33.536] [DEBUG] cheese - login => username:admin,password:admin
[2020-09-02T12:37:33.536] [DEBUG] cheese - admin
[2020-09-02T12:37:33.539] [DEBUG] cheese - null
[2020-09-02T12:37:33.539] [DEBUG] cheese - null
[2020-09-02T12:38:17.241] [DEBUG] cheese - login => username:admin,password:123456
[2020-09-02T12:38:17.241] [DEBUG] cheese - admin
[2020-09-02T12:38:17.244] [DEBUG] cheese - null
[2020-09-02T12:38:17.244] [DEBUG] cheese - null
[2020-09-02T12:50:46.175] [DEBUG] cheese - login => username:admin,password:123456
[2020-09-02T12:50:46.175] [DEBUG] cheese - admin
[2020-09-02T12:50:46.177] [DEBUG] cheese - null
[2020-09-02T12:50:46.177] [DEBUG] cheese - null
[2020-09-02T17:57:21.767] [DEBUG] cheese - login => username:admin,password:123456
[2020-09-02T17:57:21.767] [DEBUG] cheese - admin
[2020-09-02T17:57:21.773] [DEBUG] cheese - null
[2020-09-02T17:57:21.773] [DEBUG] cheese - null
[2020-09-02T17:57:21.884] [DEBUG] cheese - login => username:admin,password:123456
[2020-09-02T17:57:21.884] [DEBUG] cheese - admin
[2020-09-02T17:57:21.887] [DEBUG] cheese - null
[2020-09-02T17:57:21.887] [DEBUG] cheese - null
[2020-09-02T18:04:32.705] [DEBUG] cheese - login => username:admin,password:123456
[2020-09-02T18:04:32.705] [DEBUG] cheese - admin
[2020-09-02T18:04:32.709] [DEBUG] cheese - null
[2020-09-02T18:04:32.709] [DEBUG] cheese - null
[2020-09-02T18:04:52.077] [DEBUG] cheese - login => username:admin,password:1234555
[2020-09-02T18:04:52.077] [DEBUG] cheese - admin
[2020-09-02T18:04:52.079] [DEBUG] cheese - null
[2020-09-02T18:04:52.080] [DEBUG] cheese - null
[2020-09-02T18:14:27.648] [DEBUG] cheese - login => username:admin,password:123456
[2020-09-02T18:14:27.648] [DEBUG] cheese - admin
[2020-09-02T18:14:27.652] [DEBUG] cheese - null
[2020-09-02T18:14:27.652] [DEBUG] cheese - null
[2020-09-02T18:14:38.335] [DEBUG] cheese - login => username:admin,password:1235466978
[2020-09-02T18:14:38.335] [DEBUG] cheese - admin
[2020-09-02T18:14:38.338] [DEBUG] cheese - null
[2020-09-02T18:14:38.338] [DEBUG] cheese - null
[2020-09-04T11:19:28.989] [DEBUG] cheese - login => username:admin,password:123456
[2020-09-04T11:19:28.991] [DEBUG] cheese - admin
[2020-09-04T11:19:29.015] [DEBUG] cheese - null
[2020-09-04T11:19:29.016] [DEBUG] cheese - null
[2020-09-04T11:19:37.830] [DEBUG] cheese - login => username:admin,password:123456
[2020-09-04T11:19:37.831] [DEBUG] cheese - admin
[2020-09-04T11:19:37.835] [DEBUG] cheese - null
[2020-09-04T11:19:37.835] [DEBUG] cheese - null
[2020-09-04T11:20:56.834] [DEBUG] cheese - login => username:admin,password:123456
[2020-09-04T11:20:56.834] [DEBUG] cheese - admin
[2020-09-04T11:20:56.836] [DEBUG] cheese - null
[2020-09-04T11:20:56.836] [DEBUG] cheese - null
[2020-09-04T20:18:25.776] [DEBUG] cheese - login => username:admin,password:123456
[2020-09-04T20:18:25.778] [DEBUG] cheese - admin
[2020-09-04T20:18:25.791] [DEBUG] cheese - null
[2020-09-04T20:18:25.791] [DEBUG] cheese - null
[2020-09-04T20:44:15.292] [DEBUG] cheese - login => username:admin,password:123456
[2020-09-04T20:44:15.292] [DEBUG] cheese - admin
[2020-09-04T20:44:15.296] [DEBUG] cheese - null
[2020-09-04T20:44:15.296] [DEBUG] cheese - null
[2020-09-04T20:44:42.525] [DEBUG] cheese - login => username:admin,password:123456
[2020-09-04T20:44:42.526] [DEBUG] cheese - admin
[2020-09-04T20:44:42.528] [DEBUG] cheese - null
[2020-09-04T20:44:42.528] [DEBUG] cheese - null
[2020-09-04T20:52:50.763] [DEBUG] cheese - login => username:admin,password:123456
[2020-09-04T20:52:50.764] [DEBUG] cheese - admin
[2020-09-04T20:52:50.768] [DEBUG] cheese - null
[2020-09-04T20:52:50.768] [DEBUG] cheese - null
[2020-09-04T21:44:58.065] [DEBUG] cheese - login => username:admin,password:123456
[2020-09-04T21:44:58.066] [DEBUG] cheese - admin
[2020-09-04T21:44:58.070] [DEBUG] cheese - null
[2020-09-04T21:44:58.070] [DEBUG] cheese - null
[2020-09-04T22:28:11.731] [DEBUG] cheese - login => username:admin,password:123456
[2020-09-04T22:28:11.731] [DEBUG] cheese - admin
[2020-09-04T22:28:11.735] [DEBUG] cheese - null
[2020-09-04T22:28:11.735] [DEBUG] cheese - null
[2020-09-04T22:30:23.627] [DEBUG] cheese - login => username:admin,password:123456
[2020-09-04T22:30:23.627] [DEBUG] cheese - admin
[2020-09-04T22:30:23.630] [DEBUG] cheese - null
[2020-09-04T22:30:23.630] [DEBUG] cheese - null
[2020-09-04T22:50:10.623] [DEBUG] cheese - login => username:admin,password:123456
[2020-09-04T22:50:10.623] [DEBUG] cheese - admin
[2020-09-04T22:50:10.628] [DEBUG] cheese - null
[2020-09-04T22:50:10.628] [DEBUG] cheese - null
[2020-09-04T22:54:42.402] [DEBUG] cheese - login => username:admin,password:123456
[2020-09-04T22:54:42.402] [DEBUG] cheese - admin
[2020-09-04T22:54:42.406] [DEBUG] cheese - null
[2020-09-04T22:54:42.406] [DEBUG] cheese - null
[2020-09-04T22:58:40.488] [DEBUG] cheese - login => username:admin,password:123456
[2020-09-04T22:58:40.488] [DEBUG] cheese - admin
[2020-09-04T22:58:40.491] [DEBUG] cheese - null
[2020-09-04T22:58:40.491] [DEBUG] cheese - null
[2020-09-04T22:59:13.936] [DEBUG] cheese - login => username:admin,password:123456
[2020-09-04T22:59:13.936] [DEBUG] cheese - admin
[2020-09-04T22:59:13.940] [DEBUG] cheese - null
[2020-09-04T22:59:13.940] [DEBUG] cheese - null
[2020-09-04T22:59:16.330] [DEBUG] cheese - login => username:admin,password:123456
[2020-09-04T22:59:16.331] [DEBUG] cheese - admin
[2020-09-04T22:59:16.340] [DEBUG] cheese - null
[2020-09-04T22:59:16.341] [DEBUG] cheese - null
[2020-09-04T23:11:35.300] [DEBUG] cheese - login => username:admin,password:123456
[2020-09-04T23:11:35.300] [DEBUG] cheese - admin
[2020-09-04T23:11:35.303] [DEBUG] cheese - null
[2020-09-04T23:11:35.303] [DEBUG] cheese - null
[2020-09-04T23:40:59.146] [DEBUG] cheese - login => username:admin,password:123456
[2020-09-04T23:40:59.146] [DEBUG] cheese - admin
[2020-09-04T23:40:59.149] [DEBUG] cheese - null
[2020-09-04T23:40:59.149] [DEBUG] cheese - null
[2020-09-04T23:41:02.104] [DEBUG] cheese - login => username:admin,password:123456
[2020-09-04T23:41:02.104] [DEBUG] cheese - admin
[2020-09-04T23:41:02.106] [DEBUG] cheese - null
[2020-09-04T23:41:02.106] [DEBUG] cheese - null
[2020-09-04T23:41:10.225] [DEBUG] cheese - login => username:admin,password:123456
[2020-09-04T23:41:10.225] [DEBUG] cheese - admin
[2020-09-04T23:41:10.228] [DEBUG] cheese - null
[2020-09-04T23:41:10.228] [DEBUG] cheese - null
[2020-09-05T00:06:06.723] [DEBUG] cheese - login => username:admin,password:123456
[2020-09-05T00:06:06.723] [DEBUG] cheese - admin
[2020-09-05T00:06:06.726] [DEBUG] cheese - null
[2020-09-05T00:06:06.726] [DEBUG] cheese - null
[2020-09-05T20:33:02.976] [DEBUG] cheese - login => username:admin,password:123456
[2020-09-05T20:33:02.978] [DEBUG] cheese - admin
[2020-09-05T20:33:02.994] [DEBUG] cheese - null
[2020-09-05T20:33:02.995] [DEBUG] cheese - null
[2020-09-05T20:47:33.509] [DEBUG] cheese - login => username:admin,password:123456
[2020-09-05T20:47:33.509] [DEBUG] cheese - admin
[2020-09-05T20:47:33.512] [DEBUG] cheese - null
[2020-09-05T20:47:33.512] [DEBUG] cheese - null
[2020-09-05T20:48:46.236] [DEBUG] cheese - login => username:admin,password:123456
[2020-09-05T20:48:46.237] [DEBUG] cheese - admin
[2020-09-05T20:48:46.239] [DEBUG] cheese - null
[2020-09-05T20:48:46.239] [DEBUG] cheese - null
[2020-09-05T20:57:24.637] [DEBUG] cheese - login => username:admin,password:123456
[2020-09-05T20:57:24.637] [DEBUG] cheese - admin
[2020-09-05T20:57:24.640] [DEBUG] cheese - null
[2020-09-05T20:57:24.640] [DEBUG] cheese - null
[2020-09-05T20:59:10.141] [DEBUG] cheese - login => username:admin,password:123456
[2020-09-05T20:59:10.141] [DEBUG] cheese - admin
[2020-09-05T20:59:10.144] [DEBUG] cheese - null
[2020-09-05T20:59:10.144] [DEBUG] cheese - null
[2020-09-05T20:59:15.611] [DEBUG] cheese - login => username:admin,password:123456
[2020-09-05T20:59:15.611] [DEBUG] cheese - admin
[2020-09-05T20:59:15.614] [DEBUG] cheese - null
[2020-09-05T20:59:15.614] [DEBUG] cheese - null
[2020-09-05T21:19:35.592] [DEBUG] cheese - login => username:admin,password:123456
[2020-09-05T21:19:35.592] [DEBUG] cheese - admin
[2020-09-05T21:19:35.595] [DEBUG] cheese - null
[2020-09-05T21:19:35.595] [DEBUG] cheese - null
[2020-09-05T21:21:56.449] [DEBUG] cheese - login => username:admin,password:123456
[2020-09-05T21:21:56.449] [DEBUG] cheese - admin
[2020-09-05T21:21:56.452] [DEBUG] cheese - null
[2020-09-05T21:21:56.452] [DEBUG] cheese - null
[2020-09-06T00:13:15.143] [DEBUG] cheese - login => username:admin,password:123456
[2020-09-06T00:13:15.143] [DEBUG] cheese - admin
[2020-09-06T00:13:15.147] [DEBUG] cheese - null
[2020-09-06T00:13:15.148] [DEBUG] cheese - null
[2020-09-06T00:19:11.251] [DEBUG] cheese - login => username:admin,password:123456
[2020-09-06T00:19:11.251] [DEBUG] cheese - admin
[2020-09-06T00:19:11.253] [DEBUG] cheese - null
[2020-09-06T00:19:11.253] [DEBUG] cheese - null
[2020-09-06T00:37:19.914] [DEBUG] cheese - login => username:admin,password:123456
[2020-09-06T00:37:19.914] [DEBUG] cheese - admin
[2020-09-06T00:37:19.916] [DEBUG] cheese - null
[2020-09-06T00:37:19.916] [DEBUG] cheese - null
[2020-09-07T10:13:49.478] [DEBUG] cheese - login => username:admin,password:123456
[2020-09-07T10:13:49.481] [DEBUG] cheese - admin
[2020-09-07T10:13:49.497] [DEBUG] cheese - null
[2020-09-07T10:13:49.497] [DEBUG] cheese - null
[2020-09-07T10:16:20.720] [DEBUG] cheese - login => username:admin,password:123456
[2020-09-07T10:16:20.720] [DEBUG] cheese - admin
[2020-09-07T10:16:20.723] [DEBUG] cheese - null
[2020-09-07T10:16:20.723] [DEBUG] cheese - null
[2020-09-07T10:33:01.747] [DEBUG] cheese - login => username:admin,password:123456
[2020-09-07T10:33:01.748] [DEBUG] cheese - admin
[2020-09-07T10:33:01.751] [DEBUG] cheese - null
[2020-09-07T10:33:01.751] [DEBUG] cheese - null
[2020-09-07T10:37:14.053] [DEBUG] cheese - login => username:admin,password:123456
[2020-09-07T10:37:14.053] [DEBUG] cheese - admin
[2020-09-07T10:37:14.055] [DEBUG] cheese - null
[2020-09-07T10:37:14.056] [DEBUG] cheese - null
[2020-09-07T11:41:03.675] [DEBUG] cheese - login => username:admin,password:123456
[2020-09-07T11:41:03.675] [DEBUG] cheese - admin
[2020-09-07T11:41:03.678] [DEBUG] cheese - null
[2020-09-07T11:41:03.678] [DEBUG] cheese - null
[2020-09-08T08:20:40.184] [DEBUG] cheese - login => username:admin,password:123456
[2020-09-08T08:20:40.186] [DEBUG] cheese - admin
[2020-09-08T08:20:40.199] [DEBUG] cheese - null
[2020-09-08T08:20:40.199] [DEBUG] cheese - null
[2020-09-08T08:20:42.402] [DEBUG] cheese - login => username:admin,password:123456
[2020-09-08T08:20:42.403] [DEBUG] cheese - admin
[2020-09-08T08:20:42.416] [DEBUG] cheese - null
[2020-09-08T08:20:42.416] [DEBUG] cheese - null
[2020-09-08T08:53:42.738] [DEBUG] cheese - null
[2020-09-08T08:54:58.313] [DEBUG] cheese - null
[2020-09-08T08:55:21.852] [DEBUG] cheese - null
[2020-09-08T09:54:32.119] [DEBUG] cheese - login => username:admin,password:123456
[2020-09-08T09:54:32.119] [DEBUG] cheese - admin
[2020-09-08T09:54:32.122] [DEBUG] cheese - null
[2020-09-08T09:54:32.122] [DEBUG] cheese - null
[2020-09-09T10:26:58.568] [DEBUG] cheese - login => username:admin,password:123456
[2020-09-09T10:26:58.570] [DEBUG] cheese - admin
[2020-09-09T10:26:58.583] [DEBUG] cheese - null
[2020-09-09T10:26:58.584] [DEBUG] cheese - null
[2020-09-09T16:10:28.240] [DEBUG] cheese - login => username:admin,password:123456
[2020-09-09T16:10:28.240] [DEBUG] cheese - admin
[2020-09-09T16:10:28.243] [DEBUG] cheese - null
[2020-09-09T16:10:28.243] [DEBUG] cheese - null
[2020-09-10T08:24:47.213] [DEBUG] cheese - login => username:admin,password:123456
[2020-09-10T08:24:47.215] [DEBUG] cheese - admin
[2020-09-10T08:24:47.229] [DEBUG] cheese - null
[2020-09-10T08:24:47.229] [DEBUG] cheese - null
[2020-09-11T08:34:16.885] [DEBUG] cheese - login => username:admin,password:123456
[2020-09-11T08:34:16.887] [DEBUG] cheese - admin
[2020-09-11T08:34:16.901] [DEBUG] cheese - null
[2020-09-11T08:34:16.902] [DEBUG] cheese - null
[2020-09-11T10:10:18.956] [DEBUG] cheese - login => username:admin,password:123456
[2020-09-11T10:10:18.958] [DEBUG] cheese - admin
[2020-09-11T10:10:18.969] [DEBUG] cheese - null
[2020-09-11T10:10:18.970] [DEBUG] cheese - null
[2020-09-16T22:00:59.209] [DEBUG] cheese - login => username:admin,password:123456
[2020-09-16T22:00:59.211] [DEBUG] cheese - admin
[2020-09-16T22:00:59.225] [DEBUG] cheese - null
[2020-09-16T22:00:59.225] [DEBUG] cheese - null
[2020-09-20T09:03:59.696] [DEBUG] cheese - login => username:admin,password:123456
[2020-09-20T09:03:59.698] [DEBUG] cheese - admin
[2020-09-20T09:03:59.711] [DEBUG] cheese - null
[2020-09-20T09:03:59.712] [DEBUG] cheese - null
[2020-09-20T14:36:33.610] [DEBUG] cheese - null
